<?xml version="1.0" encoding="UTF-8"?>
<!-- Generated by org.testng.reporters.JUnitReportReporter -->
<testsuite skipped="0" hostname="Mds-MBP-5" name="Personal_Database_LocalHost.Get_Test" tests="1" failures="0" timestamp="2020-05-16T21:54:10 EDT" time="1.088" errors="0">
  <testcase name="get_Test" time="1.088" classname="Personal_Database_LocalHost.Get_Test"/>
  <system-out/>
</testsuite> <!-- Personal_Database_LocalHost.Get_Test -->
