<?xml version="1.0" encoding="UTF-8"?>
<!-- Generated by org.testng.reporters.JUnitReportReporter -->
<testsuite skipped="0" hostname="Mds-MBP-5" name="RestAssuredTest.Put_Test01" tests="1" failures="0" timestamp="2020-05-13T13:26:24 EDT" time="1.510" errors="0">
  <testcase name="put01" time="1.510" classname="RestAssuredTest.Put_Test01"/>
  <system-out/>
</testsuite> <!-- RestAssuredTest.Put_Test01 -->
