<?xml version="1.0" encoding="UTF-8"?>
<!-- Generated by org.testng.reporters.JUnitReportReporter -->
<testsuite skipped="0" hostname="Mds-MBP-5" name="RestAssuredTest.Patch_Test01" tests="1" failures="0" timestamp="2020-05-13T17:33:09 EDT" time="1.822" errors="0">
  <testcase name="path01" time="1.822" classname="RestAssuredTest.Patch_Test01"/>
  <system-out/>
</testsuite> <!-- RestAssuredTest.Patch_Test01 -->
