<?xml version="1.0" encoding="UTF-8"?>
<!-- Generated by org.testng.reporters.JUnitReportReporter -->
<testsuite skipped="0" hostname="Mds-MBP-5" name="Personal_Database_LocalHost.Delete_Test" tests="2" failures="0" timestamp="2020-05-16T22:08:18 EDT" time="1.181" errors="0">
  <testcase name="delete1" time="1.165" classname="Personal_Database_LocalHost.Delete_Test"/>
  <system-out/>
  <testcase name="delete1" time="0.016" classname="Personal_Database_LocalHost.Delete_Test"/>
  <system-out/>
</testsuite> <!-- Personal_Database_LocalHost.Delete_Test -->
