<?xml version="1.0" encoding="UTF-8"?>
<!-- Generated by org.testng.reporters.JUnitReportReporter -->
<testsuite skipped="0" hostname="Mds-MBP-5" name="Personal_Database_LocalHost.Post_Test" tests="2" failures="0" timestamp="2020-05-16T21:47:19 EDT" time="1.306" errors="0">
  <testcase name="post_Test" time="1.288" classname="Personal_Database_LocalHost.Post_Test"/>
  <system-out/>
  <testcase name="post_Test1" time="0.018" classname="Personal_Database_LocalHost.Post_Test"/>
  <system-out/>
</testsuite> <!-- Personal_Database_LocalHost.Post_Test -->
