<?xml version="1.0" encoding="UTF-8"?>
<!-- Generated by org.testng.reporters.JUnitReportReporter -->
<testsuite skipped="0" hostname="Mds-MBP-5" name="RestAssuredTest.Post_Test01" tests="1" failures="0" timestamp="2020-05-13T13:18:16 EDT" time="1.588" errors="0">
  <testcase name="post01" time="1.588" classname="RestAssuredTest.Post_Test01"/>
  <system-out/>
</testsuite> <!-- RestAssuredTest.Post_Test01 -->
