<?xml version="1.0" encoding="UTF-8"?>
<!-- Generated by org.testng.reporters.JUnitReportReporter -->
<testsuite skipped="0" hostname="Mds-MBP-5" name="RestAssuredTest.Delete_Test01" tests="1" failures="0" timestamp="2020-05-13T17:37:35 EDT" time="1.408" errors="0">
  <testcase name="Delete01" time="1.408" classname="RestAssuredTest.Delete_Test01"/>
  <system-out/>
</testsuite> <!-- RestAssuredTest.Delete_Test01 -->
