<?xml version="1.0" encoding="UTF-8"?>
<!-- Generated by org.testng.reporters.JUnitReportReporter -->
<testsuite skipped="0" hostname="Mds-MBP-5" name="RestAssuredTest.Get_Test02" tests="1" failures="0" timestamp="2020-05-11T16:51:36 EDT" time="1.754" errors="0">
  <testcase name="test01" time="1.754" classname="RestAssuredTest.Get_Test02"/>
  <system-out/>
</testsuite> <!-- RestAssuredTest.Get_Test02 -->
